{
    "name": "qqq",
    "area": "1",
    "price": "11",
    "quantity": "1",
    "adult": "1",
    "children": "1",
    "features": [
        "3"
    ],
    "facilities": [
        "3"
    ],
    "desc": "sdsd",
    "add_room": ""
}{
    "name": "Thea",
    "area": "113",
    "price": "1000",
    "quantity": "1",
    "adult": "1",
    "children": "0",
    "features": [
        "3"
    ],
    "facilities": [
        "3",
        "6"
    ],
    "desc": "hello",
    "add_room": ""
}{
    "name": "viccy",
    "area": "11",
    "price": "1",
    "quantity": "1",
    "adult": "1",
    "children": "1",
    "features": [
        "23"
    ],
    "facilities": [
        "3",
        "7"
    ],
    "desc": "hwllo",
    "add_room": ""
}{
    "name": "viccy",
    "area": "1",
    "price": "1",
    "quantity": "1",
    "adult": "1",
    "children": "1",
    "features": [
        "21"
    ],
    "facilities": [
        "7"
    ],
    "desc": "1",
    "add_room": ""
}{
    "name": "viccy",
    "area": "1",
    "price": "1",
    "quantity": "1",
    "adult": "1",
    "children": "1",
    "features": [
        "21"
    ],
    "facilities": [
        "7"
    ],
    "desc": "sd",
    "add_room": ""
}{
    "name": "viccy",
    "area": "1",
    "price": "1",
    "quantity": "1",
    "adult": "1",
    "children": "1",
    "features": [
        "21"
    ],
    "facilities": [
        "3"
    ],
    "desc": "sd",
    "add_room": ""
}{
    "name": "ee",
    "area": "1",
    "price": "1",
    "quantity": "1",
    "adult": "1",
    "children": "1",
    "features": [
        "21"
    ],
    "facilities": [
        "3"
    ],
    "desc": "wewe",
    "add_room": ""
}{
    "name": "sas",
    "area": "1",
    "price": "1",
    "quantity": "11",
    "adult": "1",
    "children": "1",
    "features": [
        "23"
    ],
    "facilities": [
        "7"
    ],
    "desc": "sdsd",
    "add_room": ""
}{
    "name": "qwd",
    "area": "1",
    "price": "1",
    "quantity": "1",
    "adult": "1",
    "children": "1",
    "features": [
        "21"
    ],
    "facilities": [
        "3"
    ],
    "desc": "sdsd",
    "add_room": ""
}{
    "name": "wdwe",
    "area": "1",
    "price": "1",
    "quantity": "1",
    "adult": "1",
    "children": "1",
    "features": [
        "21"
    ],
    "facilities": [
        "3"
    ],
    "desc": "sdd",
    "add_room": ""
}{
    "name": "t",
    "area": "1",
    "price": "1",
    "quantity": "1",
    "adult": "1",
    "children": "1",
    "features": [
        "23"
    ],
    "facilities": [
        "3"
    ],
    "desc": "sdsd",
    "add_room": ""
}{
    "name": "q",
    "area": "2",
    "price": "1",
    "quantity": "2",
    "adult": "1",
    "children": "1",
    "features": [
        "21"
    ],
    "facilities": [
        "7"
    ],
    "desc": "wwe",
    "add_room": ""
}